Started GET "/" for 127.0.0.1 at 2017-07-17 13:49:10 +0100
Processing by Rails::WelcomeController#index as HTML
  Parameters: {"internal"=>true}
  Rendering /Users/mphee/.rbenv/versions/2.3.1/lib/ruby/gems/2.3.0/gems/railties-5.0.4/lib/rails/templates/rails/welcome/index.html.erb
  Rendered /Users/mphee/.rbenv/versions/2.3.1/lib/ruby/gems/2.3.0/gems/railties-5.0.4/lib/rails/templates/rails/welcome/index.html.erb (7.0ms)
Completed 200 OK in 41ms (Views: 19.5ms | ActiveRecord: 0.0ms)


Started GET "/" for 127.0.0.1 at 2017-07-17 14:04:25 +0100
  
PG::ConnectionBad (could not connect to server: No such file or directory
	Is the server running locally and accepting
	connections on Unix domain socket "/tmp/.s.PGSQL.5432"?
):
  
pg (0.18.4) lib/pg.rb:45:in `initialize'
pg (0.18.4) lib/pg.rb:45:in `new'
pg (0.18.4) lib/pg.rb:45:in `connect'
activerecord (5.0.4) lib/active_record/connection_adapters/postgresql_adapter.rb:671:in `connect'
activerecord (5.0.4) lib/active_record/connection_adapters/postgresql_adapter.rb:217:in `initialize'
activerecord (5.0.4) lib/active_record/connection_adapters/postgresql_adapter.rb:37:in `new'
activerecord (5.0.4) lib/active_record/connection_adapters/postgresql_adapter.rb:37:in `postgresql_connection'
activerecord (5.0.4) lib/active_record/connection_adapters/abstract/connection_pool.rb:729:in `new_connection'
activerecord (5.0.4) lib/active_record/connection_adapters/abstract/connection_pool.rb:773:in `checkout_new_connection'
activerecord (5.0.4) lib/active_record/connection_adapters/abstract/connection_pool.rb:752:in `try_to_checkout_new_connection'
activerecord (5.0.4) lib/active_record/connection_adapters/abstract/connection_pool.rb:713:in `acquire_connection'
activerecord (5.0.4) lib/active_record/connection_adapters/abstract/connection_pool.rb:490:in `checkout'
activerecord (5.0.4) lib/active_record/connection_adapters/abstract/connection_pool.rb:364:in `connection'
activerecord (5.0.4) lib/active_record/connection_adapters/abstract/connection_pool.rb:883:in `retrieve_connection'
activerecord (5.0.4) lib/active_record/connection_handling.rb:128:in `retrieve_connection'
activerecord (5.0.4) lib/active_record/connection_handling.rb:91:in `connection'
activerecord (5.0.4) lib/active_record/migration.rb:559:in `connection'
activerecord (5.0.4) lib/active_record/migration.rb:546:in `call'
actionpack (5.0.4) lib/action_dispatch/middleware/callbacks.rb:38:in `block in call'
activesupport (5.0.4) lib/active_support/callbacks.rb:97:in `__run_callbacks__'
activesupport (5.0.4) lib/active_support/callbacks.rb:750:in `_run_call_callbacks'
activesupport (5.0.4) lib/active_support/callbacks.rb:90:in `run_callbacks'
actionpack (5.0.4) lib/action_dispatch/middleware/callbacks.rb:36:in `call'
actionpack (5.0.4) lib/action_dispatch/middleware/executor.rb:12:in `call'
actionpack (5.0.4) lib/action_dispatch/middleware/remote_ip.rb:79:in `call'
actionpack (5.0.4) lib/action_dispatch/middleware/debug_exceptions.rb:49:in `call'
web-console (3.5.1) lib/web_console/middleware.rb:135:in `call_app'
web-console (3.5.1) lib/web_console/middleware.rb:28:in `block in call'
web-console (3.5.1) lib/web_console/middleware.rb:18:in `catch'
web-console (3.5.1) lib/web_console/middleware.rb:18:in `call'
actionpack (5.0.4) lib/action_dispatch/middleware/show_exceptions.rb:31:in `call'
railties (5.0.4) lib/rails/rack/logger.rb:36:in `call_app'
railties (5.0.4) lib/rails/rack/logger.rb:24:in `block in call'
activesupport (5.0.4) lib/active_support/tagged_logging.rb:69:in `block in tagged'
activesupport (5.0.4) lib/active_support/tagged_logging.rb:26:in `tagged'
activesupport (5.0.4) lib/active_support/tagged_logging.rb:69:in `tagged'
railties (5.0.4) lib/rails/rack/logger.rb:24:in `call'
sprockets-rails (3.2.0) lib/sprockets/rails/quiet_assets.rb:13:in `call'
actionpack (5.0.4) lib/action_dispatch/middleware/request_id.rb:24:in `call'
rack (2.0.3) lib/rack/method_override.rb:22:in `call'
rack (2.0.3) lib/rack/runtime.rb:22:in `call'
activesupport (5.0.4) lib/active_support/cache/strategy/local_cache_middleware.rb:28:in `call'
actionpack (5.0.4) lib/action_dispatch/middleware/executor.rb:12:in `call'
actionpack (5.0.4) lib/action_dispatch/middleware/static.rb:136:in `call'
rack (2.0.3) lib/rack/sendfile.rb:111:in `call'
railties (5.0.4) lib/rails/engine.rb:522:in `call'
puma (3.9.1) lib/puma/configuration.rb:224:in `call'
puma (3.9.1) lib/puma/server.rb:602:in `handle_request'
puma (3.9.1) lib/puma/server.rb:435:in `process_client'
puma (3.9.1) lib/puma/server.rb:299:in `block in run'
puma (3.9.1) lib/puma/thread_pool.rb:120:in `block in spawn_thread'
  Rendering /Users/mphee/.rbenv/versions/2.3.1/lib/ruby/gems/2.3.0/gems/actionpack-5.0.4/lib/action_dispatch/middleware/templates/rescues/diagnostics.html.erb within rescues/layout
  Rendering /Users/mphee/.rbenv/versions/2.3.1/lib/ruby/gems/2.3.0/gems/actionpack-5.0.4/lib/action_dispatch/middleware/templates/rescues/_source.html.erb
  Rendered /Users/mphee/.rbenv/versions/2.3.1/lib/ruby/gems/2.3.0/gems/actionpack-5.0.4/lib/action_dispatch/middleware/templates/rescues/_source.html.erb (3.9ms)
  Rendering /Users/mphee/.rbenv/versions/2.3.1/lib/ruby/gems/2.3.0/gems/actionpack-5.0.4/lib/action_dispatch/middleware/templates/rescues/_trace.html.erb
  Rendered /Users/mphee/.rbenv/versions/2.3.1/lib/ruby/gems/2.3.0/gems/actionpack-5.0.4/lib/action_dispatch/middleware/templates/rescues/_trace.html.erb (2.8ms)
  Rendering /Users/mphee/.rbenv/versions/2.3.1/lib/ruby/gems/2.3.0/gems/actionpack-5.0.4/lib/action_dispatch/middleware/templates/rescues/_request_and_response.html.erb
  Rendered /Users/mphee/.rbenv/versions/2.3.1/lib/ruby/gems/2.3.0/gems/actionpack-5.0.4/lib/action_dispatch/middleware/templates/rescues/_request_and_response.html.erb (1.8ms)
  Rendered /Users/mphee/.rbenv/versions/2.3.1/lib/ruby/gems/2.3.0/gems/actionpack-5.0.4/lib/action_dispatch/middleware/templates/rescues/diagnostics.html.erb within rescues/layout (138.3ms)
  [1m[35m (38.4ms)[0m  [1m[35mCREATE TABLE "schema_migrations" ("version" character varying PRIMARY KEY)[0m
  [1m[35m (5.4ms)[0m  [1m[35mCREATE TABLE "ar_internal_metadata" ("key" character varying PRIMARY KEY, "value" character varying, "created_at" timestamp NOT NULL, "updated_at" timestamp NOT NULL)[0m
  [1m[35m (0.7ms)[0m  [1m[34mSELECT pg_try_advisory_lock(409308921093484860);[0m
  [1m[36mActiveRecord::SchemaMigration Load (1.5ms)[0m  [1m[34mSELECT "schema_migrations".* FROM "schema_migrations"[0m
  [1m[36mActiveRecord::InternalMetadata Load (1.4ms)[0m  [1m[34mSELECT  "ar_internal_metadata".* FROM "ar_internal_metadata" WHERE "ar_internal_metadata"."key" = $1 LIMIT $2[0m  [["key", "environment"], ["LIMIT", 1]]
  [1m[35m (0.2ms)[0m  [1m[35mBEGIN[0m
  [1m[35mSQL (3.1ms)[0m  [1m[32mINSERT INTO "ar_internal_metadata" ("key", "value", "created_at", "updated_at") VALUES ($1, $2, $3, $4) RETURNING "key"[0m  [["key", "environment"], ["value", "development"], ["created_at", "2017-07-17 13:05:07.124068"], ["updated_at", "2017-07-17 13:05:07.124068"]]
  [1m[35m (0.9ms)[0m  [1m[35mCOMMIT[0m
  [1m[35m (0.3ms)[0m  [1m[34mSELECT pg_advisory_unlock(409308921093484860)[0m
  [1m[36mActiveRecord::SchemaMigration Load (0.3ms)[0m  [1m[34mSELECT "schema_migrations".* FROM "schema_migrations"[0m
Started GET "/" for 127.0.0.1 at 2017-07-17 14:05:11 +0100
  
AbstractController::ActionNotFound (The action 'index' could not be found for LandingController):
  
actionpack (5.0.4) lib/abstract_controller/base.rb:121:in `process'
actionview (5.0.4) lib/action_view/rendering.rb:30:in `process'
actionpack (5.0.4) lib/action_controller/metal.rb:190:in `dispatch'
actionpack (5.0.4) lib/action_controller/metal.rb:262:in `dispatch'
actionpack (5.0.4) lib/action_dispatch/routing/route_set.rb:50:in `dispatch'
actionpack (5.0.4) lib/action_dispatch/routing/route_set.rb:32:in `serve'
actionpack (5.0.4) lib/action_dispatch/journey/router.rb:39:in `block in serve'
actionpack (5.0.4) lib/action_dispatch/journey/router.rb:26:in `each'
actionpack (5.0.4) lib/action_dispatch/journey/router.rb:26:in `serve'
actionpack (5.0.4) lib/action_dispatch/routing/route_set.rb:725:in `call'
rack (2.0.3) lib/rack/etag.rb:25:in `call'
rack (2.0.3) lib/rack/conditional_get.rb:25:in `call'
rack (2.0.3) lib/rack/head.rb:12:in `call'
rack (2.0.3) lib/rack/session/abstract/id.rb:232:in `context'
rack (2.0.3) lib/rack/session/abstract/id.rb:226:in `call'
actionpack (5.0.4) lib/action_dispatch/middleware/cookies.rb:613:in `call'
activerecord (5.0.4) lib/active_record/migration.rb:553:in `call'
actionpack (5.0.4) lib/action_dispatch/middleware/callbacks.rb:38:in `block in call'
activesupport (5.0.4) lib/active_support/callbacks.rb:97:in `__run_callbacks__'
activesupport (5.0.4) lib/active_support/callbacks.rb:750:in `_run_call_callbacks'
activesupport (5.0.4) lib/active_support/callbacks.rb:90:in `run_callbacks'
actionpack (5.0.4) lib/action_dispatch/middleware/callbacks.rb:36:in `call'
actionpack (5.0.4) lib/action_dispatch/middleware/executor.rb:12:in `call'
actionpack (5.0.4) lib/action_dispatch/middleware/remote_ip.rb:79:in `call'
actionpack (5.0.4) lib/action_dispatch/middleware/debug_exceptions.rb:49:in `call'
web-console (3.5.1) lib/web_console/middleware.rb:135:in `call_app'
web-console (3.5.1) lib/web_console/middleware.rb:28:in `block in call'
web-console (3.5.1) lib/web_console/middleware.rb:18:in `catch'
web-console (3.5.1) lib/web_console/middleware.rb:18:in `call'
actionpack (5.0.4) lib/action_dispatch/middleware/show_exceptions.rb:31:in `call'
railties (5.0.4) lib/rails/rack/logger.rb:36:in `call_app'
railties (5.0.4) lib/rails/rack/logger.rb:24:in `block in call'
activesupport (5.0.4) lib/active_support/tagged_logging.rb:69:in `block in tagged'
activesupport (5.0.4) lib/active_support/tagged_logging.rb:26:in `tagged'
activesupport (5.0.4) lib/active_support/tagged_logging.rb:69:in `tagged'
railties (5.0.4) lib/rails/rack/logger.rb:24:in `call'
sprockets-rails (3.2.0) lib/sprockets/rails/quiet_assets.rb:13:in `call'
actionpack (5.0.4) lib/action_dispatch/middleware/request_id.rb:24:in `call'
rack (2.0.3) lib/rack/method_override.rb:22:in `call'
rack (2.0.3) lib/rack/runtime.rb:22:in `call'
activesupport (5.0.4) lib/active_support/cache/strategy/local_cache_middleware.rb:28:in `call'
actionpack (5.0.4) lib/action_dispatch/middleware/executor.rb:12:in `call'
actionpack (5.0.4) lib/action_dispatch/middleware/static.rb:136:in `call'
rack (2.0.3) lib/rack/sendfile.rb:111:in `call'
railties (5.0.4) lib/rails/engine.rb:522:in `call'
puma (3.9.1) lib/puma/configuration.rb:224:in `call'
puma (3.9.1) lib/puma/server.rb:602:in `handle_request'
puma (3.9.1) lib/puma/server.rb:435:in `process_client'
puma (3.9.1) lib/puma/server.rb:299:in `block in run'
puma (3.9.1) lib/puma/thread_pool.rb:120:in `block in spawn_thread'
  Rendering /Users/mphee/.rbenv/versions/2.3.1/lib/ruby/gems/2.3.0/gems/actionpack-5.0.4/lib/action_dispatch/middleware/templates/rescues/unknown_action.html.erb within rescues/layout
  Rendered /Users/mphee/.rbenv/versions/2.3.1/lib/ruby/gems/2.3.0/gems/actionpack-5.0.4/lib/action_dispatch/middleware/templates/rescues/unknown_action.html.erb within rescues/layout (1.3ms)
Started GET "/" for 127.0.0.1 at 2017-07-17 14:05:44 +0100
Processing by LandingController#index as HTML
Completed 406 Not Acceptable in 83ms (ActiveRecord: 0.0ms)


  
ActionController::UnknownFormat (LandingController#index is missing a template for this request format and variant.

request.formats: ["text/html"]
request.variant: []

NOTE! For XHR/Ajax or API requests, this action would normally respond with 204 No Content: an empty white screen. Since you're loading it in a web browser, we assume that you expected to actually render a template, not nothing, so we're showing an error to be extra-clear. If you expect 204 No Content, carry on. That's what you'll get from an XHR or API request. Give it a shot.):
  
actionpack (5.0.4) lib/action_controller/metal/implicit_render.rb:56:in `default_render'
actionpack (5.0.4) lib/action_controller/metal/basic_implicit_render.rb:4:in `block in send_action'
actionpack (5.0.4) lib/action_controller/metal/basic_implicit_render.rb:4:in `tap'
actionpack (5.0.4) lib/action_controller/metal/basic_implicit_render.rb:4:in `send_action'
actionpack (5.0.4) lib/abstract_controller/base.rb:188:in `process_action'
actionpack (5.0.4) lib/action_controller/metal/rendering.rb:30:in `process_action'
actionpack (5.0.4) lib/abstract_controller/callbacks.rb:20:in `block in process_action'
activesupport (5.0.4) lib/active_support/callbacks.rb:126:in `call'
activesupport (5.0.4) lib/active_support/callbacks.rb:506:in `block (2 levels) in compile'
activesupport (5.0.4) lib/active_support/callbacks.rb:455:in `call'
activesupport (5.0.4) lib/active_support/callbacks.rb:101:in `__run_callbacks__'
activesupport (5.0.4) lib/active_support/callbacks.rb:750:in `_run_process_action_callbacks'
activesupport (5.0.4) lib/active_support/callbacks.rb:90:in `run_callbacks'
actionpack (5.0.4) lib/abstract_controller/callbacks.rb:19:in `process_action'
actionpack (5.0.4) lib/action_controller/metal/rescue.rb:20:in `process_action'
actionpack (5.0.4) lib/action_controller/metal/instrumentation.rb:32:in `block in process_action'
activesupport (5.0.4) lib/active_support/notifications.rb:164:in `block in instrument'
activesupport (5.0.4) lib/active_support/notifications/instrumenter.rb:21:in `instrument'
activesupport (5.0.4) lib/active_support/notifications.rb:164:in `instrument'
actionpack (5.0.4) lib/action_controller/metal/instrumentation.rb:30:in `process_action'
actionpack (5.0.4) lib/action_controller/metal/params_wrapper.rb:248:in `process_action'
activerecord (5.0.4) lib/active_record/railties/controller_runtime.rb:18:in `process_action'
actionpack (5.0.4) lib/abstract_controller/base.rb:126:in `process'
actionview (5.0.4) lib/action_view/rendering.rb:30:in `process'
actionpack (5.0.4) lib/action_controller/metal.rb:190:in `dispatch'
actionpack (5.0.4) lib/action_controller/metal.rb:262:in `dispatch'
actionpack (5.0.4) lib/action_dispatch/routing/route_set.rb:50:in `dispatch'
actionpack (5.0.4) lib/action_dispatch/routing/route_set.rb:32:in `serve'
actionpack (5.0.4) lib/action_dispatch/journey/router.rb:39:in `block in serve'
actionpack (5.0.4) lib/action_dispatch/journey/router.rb:26:in `each'
actionpack (5.0.4) lib/action_dispatch/journey/router.rb:26:in `serve'
actionpack (5.0.4) lib/action_dispatch/routing/route_set.rb:725:in `call'
rack (2.0.3) lib/rack/etag.rb:25:in `call'
rack (2.0.3) lib/rack/conditional_get.rb:25:in `call'
rack (2.0.3) lib/rack/head.rb:12:in `call'
rack (2.0.3) lib/rack/session/abstract/id.rb:232:in `context'
rack (2.0.3) lib/rack/session/abstract/id.rb:226:in `call'
actionpack (5.0.4) lib/action_dispatch/middleware/cookies.rb:613:in `call'
activerecord (5.0.4) lib/active_record/migration.rb:553:in `call'
actionpack (5.0.4) lib/action_dispatch/middleware/callbacks.rb:38:in `block in call'
activesupport (5.0.4) lib/active_support/callbacks.rb:97:in `__run_callbacks__'
activesupport (5.0.4) lib/active_support/callbacks.rb:750:in `_run_call_callbacks'
activesupport (5.0.4) lib/active_support/callbacks.rb:90:in `run_callbacks'
actionpack (5.0.4) lib/action_dispatch/middleware/callbacks.rb:36:in `call'
actionpack (5.0.4) lib/action_dispatch/middleware/executor.rb:12:in `call'
actionpack (5.0.4) lib/action_dispatch/middleware/remote_ip.rb:79:in `call'
actionpack (5.0.4) lib/action_dispatch/middleware/debug_exceptions.rb:49:in `call'
web-console (3.5.1) lib/web_console/middleware.rb:135:in `call_app'
web-console (3.5.1) lib/web_console/middleware.rb:28:in `block in call'
web-console (3.5.1) lib/web_console/middleware.rb:18:in `catch'
web-console (3.5.1) lib/web_console/middleware.rb:18:in `call'
actionpack (5.0.4) lib/action_dispatch/middleware/show_exceptions.rb:31:in `call'
railties (5.0.4) lib/rails/rack/logger.rb:36:in `call_app'
railties (5.0.4) lib/rails/rack/logger.rb:24:in `block in call'
activesupport (5.0.4) lib/active_support/tagged_logging.rb:69:in `block in tagged'
activesupport (5.0.4) lib/active_support/tagged_logging.rb:26:in `tagged'
activesupport (5.0.4) lib/active_support/tagged_logging.rb:69:in `tagged'
railties (5.0.4) lib/rails/rack/logger.rb:24:in `call'
sprockets-rails (3.2.0) lib/sprockets/rails/quiet_assets.rb:13:in `call'
actionpack (5.0.4) lib/action_dispatch/middleware/request_id.rb:24:in `call'
rack (2.0.3) lib/rack/method_override.rb:22:in `call'
rack (2.0.3) lib/rack/runtime.rb:22:in `call'
activesupport (5.0.4) lib/active_support/cache/strategy/local_cache_middleware.rb:28:in `call'
actionpack (5.0.4) lib/action_dispatch/middleware/executor.rb:12:in `call'
actionpack (5.0.4) lib/action_dispatch/middleware/static.rb:136:in `call'
rack (2.0.3) lib/rack/sendfile.rb:111:in `call'
railties (5.0.4) lib/rails/engine.rb:522:in `call'
puma (3.9.1) lib/puma/configuration.rb:224:in `call'
puma (3.9.1) lib/puma/server.rb:602:in `handle_request'
puma (3.9.1) lib/puma/server.rb:435:in `process_client'
puma (3.9.1) lib/puma/server.rb:299:in `block in run'
puma (3.9.1) lib/puma/thread_pool.rb:120:in `block in spawn_thread'
  Rendering /Users/mphee/.rbenv/versions/2.3.1/lib/ruby/gems/2.3.0/gems/actionpack-5.0.4/lib/action_dispatch/middleware/templates/rescues/diagnostics.html.erb within rescues/layout
  Rendering /Users/mphee/.rbenv/versions/2.3.1/lib/ruby/gems/2.3.0/gems/actionpack-5.0.4/lib/action_dispatch/middleware/templates/rescues/_source.html.erb
  Rendered /Users/mphee/.rbenv/versions/2.3.1/lib/ruby/gems/2.3.0/gems/actionpack-5.0.4/lib/action_dispatch/middleware/templates/rescues/_source.html.erb (6.4ms)
  Rendering /Users/mphee/.rbenv/versions/2.3.1/lib/ruby/gems/2.3.0/gems/actionpack-5.0.4/lib/action_dispatch/middleware/templates/rescues/_trace.html.erb
  Rendered /Users/mphee/.rbenv/versions/2.3.1/lib/ruby/gems/2.3.0/gems/actionpack-5.0.4/lib/action_dispatch/middleware/templates/rescues/_trace.html.erb (3.4ms)
  Rendering /Users/mphee/.rbenv/versions/2.3.1/lib/ruby/gems/2.3.0/gems/actionpack-5.0.4/lib/action_dispatch/middleware/templates/rescues/_request_and_response.html.erb
  Rendered /Users/mphee/.rbenv/versions/2.3.1/lib/ruby/gems/2.3.0/gems/actionpack-5.0.4/lib/action_dispatch/middleware/templates/rescues/_request_and_response.html.erb (1.2ms)
  Rendered /Users/mphee/.rbenv/versions/2.3.1/lib/ruby/gems/2.3.0/gems/actionpack-5.0.4/lib/action_dispatch/middleware/templates/rescues/diagnostics.html.erb within rescues/layout (130.2ms)
Started GET "/" for 127.0.0.1 at 2017-07-17 14:06:55 +0100
Processing by LandingController#index as HTML
Completed 500 Internal Server Error in 76ms (ActiveRecord: 0.0ms)


  
NameError (undefined local variable or method `e' for #<LandingController:0x007fcbf4b73398>):
  
app/controllers/landing_controller.rb:4:in `index'
  Rendering /Users/mphee/.rbenv/versions/2.3.1/lib/ruby/gems/2.3.0/gems/actionpack-5.0.4/lib/action_dispatch/middleware/templates/rescues/diagnostics.html.erb within rescues/layout
  Rendering /Users/mphee/.rbenv/versions/2.3.1/lib/ruby/gems/2.3.0/gems/actionpack-5.0.4/lib/action_dispatch/middleware/templates/rescues/_source.html.erb
  Rendered /Users/mphee/.rbenv/versions/2.3.1/lib/ruby/gems/2.3.0/gems/actionpack-5.0.4/lib/action_dispatch/middleware/templates/rescues/_source.html.erb (7.1ms)
  Rendering /Users/mphee/.rbenv/versions/2.3.1/lib/ruby/gems/2.3.0/gems/actionpack-5.0.4/lib/action_dispatch/middleware/templates/rescues/_trace.html.erb
  Rendered /Users/mphee/.rbenv/versions/2.3.1/lib/ruby/gems/2.3.0/gems/actionpack-5.0.4/lib/action_dispatch/middleware/templates/rescues/_trace.html.erb (4.0ms)
  Rendering /Users/mphee/.rbenv/versions/2.3.1/lib/ruby/gems/2.3.0/gems/actionpack-5.0.4/lib/action_dispatch/middleware/templates/rescues/_request_and_response.html.erb
  Rendered /Users/mphee/.rbenv/versions/2.3.1/lib/ruby/gems/2.3.0/gems/actionpack-5.0.4/lib/action_dispatch/middleware/templates/rescues/_request_and_response.html.erb (1.4ms)
  Rendered /Users/mphee/.rbenv/versions/2.3.1/lib/ruby/gems/2.3.0/gems/actionpack-5.0.4/lib/action_dispatch/middleware/templates/rescues/diagnostics.html.erb within rescues/layout (210.9ms)
Started GET "/" for 127.0.0.1 at 2017-07-17 14:06:56 +0100
Processing by LandingController#index as HTML
Completed 500 Internal Server Error in 87ms (ActiveRecord: 0.0ms)


  
NameError (undefined local variable or method `e' for #<LandingController:0x007fcbf2e61b10>):
  
app/controllers/landing_controller.rb:4:in `index'
  Rendering /Users/mphee/.rbenv/versions/2.3.1/lib/ruby/gems/2.3.0/gems/actionpack-5.0.4/lib/action_dispatch/middleware/templates/rescues/diagnostics.html.erb within rescues/layout
  Rendering /Users/mphee/.rbenv/versions/2.3.1/lib/ruby/gems/2.3.0/gems/actionpack-5.0.4/lib/action_dispatch/middleware/templates/rescues/_source.html.erb
  Rendered /Users/mphee/.rbenv/versions/2.3.1/lib/ruby/gems/2.3.0/gems/actionpack-5.0.4/lib/action_dispatch/middleware/templates/rescues/_source.html.erb (5.2ms)
  Rendering /Users/mphee/.rbenv/versions/2.3.1/lib/ruby/gems/2.3.0/gems/actionpack-5.0.4/lib/action_dispatch/middleware/templates/rescues/_trace.html.erb
  Rendered /Users/mphee/.rbenv/versions/2.3.1/lib/ruby/gems/2.3.0/gems/actionpack-5.0.4/lib/action_dispatch/middleware/templates/rescues/_trace.html.erb (2.9ms)
  Rendering /Users/mphee/.rbenv/versions/2.3.1/lib/ruby/gems/2.3.0/gems/actionpack-5.0.4/lib/action_dispatch/middleware/templates/rescues/_request_and_response.html.erb
  Rendered /Users/mphee/.rbenv/versions/2.3.1/lib/ruby/gems/2.3.0/gems/actionpack-5.0.4/lib/action_dispatch/middleware/templates/rescues/_request_and_response.html.erb (1.0ms)
  Rendered /Users/mphee/.rbenv/versions/2.3.1/lib/ruby/gems/2.3.0/gems/actionpack-5.0.4/lib/action_dispatch/middleware/templates/rescues/diagnostics.html.erb within rescues/layout (222.1ms)
Started GET "/" for 127.0.0.1 at 2017-07-17 14:07:10 +0100
Processing by LandingController#index as HTML
Completed 406 Not Acceptable in 69ms (ActiveRecord: 0.0ms)


  
ActionController::UnknownFormat (LandingController#index is missing a template for this request format and variant.

request.formats: ["text/html"]
request.variant: []

NOTE! For XHR/Ajax or API requests, this action would normally respond with 204 No Content: an empty white screen. Since you're loading it in a web browser, we assume that you expected to actually render a template, not nothing, so we're showing an error to be extra-clear. If you expect 204 No Content, carry on. That's what you'll get from an XHR or API request. Give it a shot.):
  
actionpack (5.0.4) lib/action_controller/metal/implicit_render.rb:56:in `default_render'
actionpack (5.0.4) lib/action_controller/metal/basic_implicit_render.rb:4:in `block in send_action'
actionpack (5.0.4) lib/action_controller/metal/basic_implicit_render.rb:4:in `tap'
actionpack (5.0.4) lib/action_controller/metal/basic_implicit_render.rb:4:in `send_action'
actionpack (5.0.4) lib/abstract_controller/base.rb:188:in `process_action'
actionpack (5.0.4) lib/action_controller/metal/rendering.rb:30:in `process_action'
actionpack (5.0.4) lib/abstract_controller/callbacks.rb:20:in `block in process_action'
activesupport (5.0.4) lib/active_support/callbacks.rb:126:in `call'
activesupport (5.0.4) lib/active_support/callbacks.rb:506:in `block (2 levels) in compile'
activesupport (5.0.4) lib/active_support/callbacks.rb:455:in `call'
activesupport (5.0.4) lib/active_support/callbacks.rb:101:in `__run_callbacks__'
activesupport (5.0.4) lib/active_support/callbacks.rb:750:in `_run_process_action_callbacks'
activesupport (5.0.4) lib/active_support/callbacks.rb:90:in `run_callbacks'
actionpack (5.0.4) lib/abstract_controller/callbacks.rb:19:in `process_action'
actionpack (5.0.4) lib/action_controller/metal/rescue.rb:20:in `process_action'
actionpack (5.0.4) lib/action_controller/metal/instrumentation.rb:32:in `block in process_action'
activesupport (5.0.4) lib/active_support/notifications.rb:164:in `block in instrument'
activesupport (5.0.4) lib/active_support/notifications/instrumenter.rb:21:in `instrument'
activesupport (5.0.4) lib/active_support/notifications.rb:164:in `instrument'
actionpack (5.0.4) lib/action_controller/metal/instrumentation.rb:30:in `process_action'
actionpack (5.0.4) lib/action_controller/metal/params_wrapper.rb:248:in `process_action'
activerecord (5.0.4) lib/active_record/railties/controller_runtime.rb:18:in `process_action'
actionpack (5.0.4) lib/abstract_controller/base.rb:126:in `process'
actionview (5.0.4) lib/action_view/rendering.rb:30:in `process'
actionpack (5.0.4) lib/action_controller/metal.rb:190:in `dispatch'
actionpack (5.0.4) lib/action_controller/metal.rb:262:in `dispatch'
actionpack (5.0.4) lib/action_dispatch/routing/route_set.rb:50:in `dispatch'
actionpack (5.0.4) lib/action_dispatch/routing/route_set.rb:32:in `serve'
actionpack (5.0.4) lib/action_dispatch/journey/router.rb:39:in `block in serve'
actionpack (5.0.4) lib/action_dispatch/journey/router.rb:26:in `each'
actionpack (5.0.4) lib/action_dispatch/journey/router.rb:26:in `serve'
actionpack (5.0.4) lib/action_dispatch/routing/route_set.rb:725:in `call'
rack (2.0.3) lib/rack/etag.rb:25:in `call'
rack (2.0.3) lib/rack/conditional_get.rb:25:in `call'
rack (2.0.3) lib/rack/head.rb:12:in `call'
rack (2.0.3) lib/rack/session/abstract/id.rb:232:in `context'
rack (2.0.3) lib/rack/session/abstract/id.rb:226:in `call'
actionpack (5.0.4) lib/action_dispatch/middleware/cookies.rb:613:in `call'
activerecord (5.0.4) lib/active_record/migration.rb:553:in `call'
actionpack (5.0.4) lib/action_dispatch/middleware/callbacks.rb:38:in `block in call'
activesupport (5.0.4) lib/active_support/callbacks.rb:97:in `__run_callbacks__'
activesupport (5.0.4) lib/active_support/callbacks.rb:750:in `_run_call_callbacks'
activesupport (5.0.4) lib/active_support/callbacks.rb:90:in `run_callbacks'
actionpack (5.0.4) lib/action_dispatch/middleware/callbacks.rb:36:in `call'
actionpack (5.0.4) lib/action_dispatch/middleware/executor.rb:12:in `call'
actionpack (5.0.4) lib/action_dispatch/middleware/remote_ip.rb:79:in `call'
actionpack (5.0.4) lib/action_dispatch/middleware/debug_exceptions.rb:49:in `call'
web-console (3.5.1) lib/web_console/middleware.rb:135:in `call_app'
web-console (3.5.1) lib/web_console/middleware.rb:28:in `block in call'
web-console (3.5.1) lib/web_console/middleware.rb:18:in `catch'
web-console (3.5.1) lib/web_console/middleware.rb:18:in `call'
actionpack (5.0.4) lib/action_dispatch/middleware/show_exceptions.rb:31:in `call'
railties (5.0.4) lib/rails/rack/logger.rb:36:in `call_app'
railties (5.0.4) lib/rails/rack/logger.rb:24:in `block in call'
activesupport (5.0.4) lib/active_support/tagged_logging.rb:69:in `block in tagged'
activesupport (5.0.4) lib/active_support/tagged_logging.rb:26:in `tagged'
activesupport (5.0.4) lib/active_support/tagged_logging.rb:69:in `tagged'
railties (5.0.4) lib/rails/rack/logger.rb:24:in `call'
sprockets-rails (3.2.0) lib/sprockets/rails/quiet_assets.rb:13:in `call'
actionpack (5.0.4) lib/action_dispatch/middleware/request_id.rb:24:in `call'
rack (2.0.3) lib/rack/method_override.rb:22:in `call'
rack (2.0.3) lib/rack/runtime.rb:22:in `call'
activesupport (5.0.4) lib/active_support/cache/strategy/local_cache_middleware.rb:28:in `call'
actionpack (5.0.4) lib/action_dispatch/middleware/executor.rb:12:in `call'
actionpack (5.0.4) lib/action_dispatch/middleware/static.rb:136:in `call'
rack (2.0.3) lib/rack/sendfile.rb:111:in `call'
railties (5.0.4) lib/rails/engine.rb:522:in `call'
puma (3.9.1) lib/puma/configuration.rb:224:in `call'
puma (3.9.1) lib/puma/server.rb:602:in `handle_request'
puma (3.9.1) lib/puma/server.rb:435:in `process_client'
puma (3.9.1) lib/puma/server.rb:299:in `block in run'
puma (3.9.1) lib/puma/thread_pool.rb:120:in `block in spawn_thread'
  Rendering /Users/mphee/.rbenv/versions/2.3.1/lib/ruby/gems/2.3.0/gems/actionpack-5.0.4/lib/action_dispatch/middleware/templates/rescues/diagnostics.html.erb within rescues/layout
  Rendering /Users/mphee/.rbenv/versions/2.3.1/lib/ruby/gems/2.3.0/gems/actionpack-5.0.4/lib/action_dispatch/middleware/templates/rescues/_source.html.erb
  Rendered /Users/mphee/.rbenv/versions/2.3.1/lib/ruby/gems/2.3.0/gems/actionpack-5.0.4/lib/action_dispatch/middleware/templates/rescues/_source.html.erb (4.0ms)
  Rendering /Users/mphee/.rbenv/versions/2.3.1/lib/ruby/gems/2.3.0/gems/actionpack-5.0.4/lib/action_dispatch/middleware/templates/rescues/_trace.html.erb
  Rendered /Users/mphee/.rbenv/versions/2.3.1/lib/ruby/gems/2.3.0/gems/actionpack-5.0.4/lib/action_dispatch/middleware/templates/rescues/_trace.html.erb (4.0ms)
  Rendering /Users/mphee/.rbenv/versions/2.3.1/lib/ruby/gems/2.3.0/gems/actionpack-5.0.4/lib/action_dispatch/middleware/templates/rescues/_request_and_response.html.erb
  Rendered /Users/mphee/.rbenv/versions/2.3.1/lib/ruby/gems/2.3.0/gems/actionpack-5.0.4/lib/action_dispatch/middleware/templates/rescues/_request_and_response.html.erb (1.0ms)
  Rendered /Users/mphee/.rbenv/versions/2.3.1/lib/ruby/gems/2.3.0/gems/actionpack-5.0.4/lib/action_dispatch/middleware/templates/rescues/diagnostics.html.erb within rescues/layout (111.2ms)
Started GET "/" for 127.0.0.1 at 2017-07-17 14:07:36 +0100
Processing by LandingController#index as HTML
Completed 500 Internal Server Error in 4ms (ActiveRecord: 0.0ms)


  
ActionView::MissingTemplate (Missing template landing/index, application/index with {:locale=>[:en], :formats=>[:html], :variants=>[], :handlers=>[:raw, :erb, :html, :builder, :ruby, :coffee, :jbuilder]}. Searched in:
  * "/Users/mphee/develop/pattygamerzx/app/views"
):
  
app/controllers/landing_controller.rb:4:in `index'
  Rendering /Users/mphee/.rbenv/versions/2.3.1/lib/ruby/gems/2.3.0/gems/actionpack-5.0.4/lib/action_dispatch/middleware/templates/rescues/missing_template.html.erb within rescues/layout
  Rendering /Users/mphee/.rbenv/versions/2.3.1/lib/ruby/gems/2.3.0/gems/actionpack-5.0.4/lib/action_dispatch/middleware/templates/rescues/_source.html.erb
  Rendered /Users/mphee/.rbenv/versions/2.3.1/lib/ruby/gems/2.3.0/gems/actionpack-5.0.4/lib/action_dispatch/middleware/templates/rescues/_source.html.erb (5.3ms)
  Rendering /Users/mphee/.rbenv/versions/2.3.1/lib/ruby/gems/2.3.0/gems/actionpack-5.0.4/lib/action_dispatch/middleware/templates/rescues/_trace.html.erb
  Rendered /Users/mphee/.rbenv/versions/2.3.1/lib/ruby/gems/2.3.0/gems/actionpack-5.0.4/lib/action_dispatch/middleware/templates/rescues/_trace.html.erb (2.1ms)
  Rendering /Users/mphee/.rbenv/versions/2.3.1/lib/ruby/gems/2.3.0/gems/actionpack-5.0.4/lib/action_dispatch/middleware/templates/rescues/_request_and_response.html.erb
  Rendered /Users/mphee/.rbenv/versions/2.3.1/lib/ruby/gems/2.3.0/gems/actionpack-5.0.4/lib/action_dispatch/middleware/templates/rescues/_request_and_response.html.erb (1.0ms)
  Rendered /Users/mphee/.rbenv/versions/2.3.1/lib/ruby/gems/2.3.0/gems/actionpack-5.0.4/lib/action_dispatch/middleware/templates/rescues/missing_template.html.erb within rescues/layout (117.3ms)
Started GET "/" for 127.0.0.1 at 2017-07-17 14:08:09 +0100
Processing by LandingController#index as HTML
Completed 500 Internal Server Error in 4ms (ActiveRecord: 0.0ms)


  
ActionView::MissingTemplate (Missing template landing/index, application/index with {:locale=>[:en], :formats=>[:html], :variants=>[], :handlers=>[:raw, :erb, :html, :builder, :ruby, :coffee, :jbuilder]}. Searched in:
  * "/Users/mphee/develop/pattygamerzx/app/views"
):
  
app/controllers/landing_controller.rb:4:in `index'
  Rendering /Users/mphee/.rbenv/versions/2.3.1/lib/ruby/gems/2.3.0/gems/actionpack-5.0.4/lib/action_dispatch/middleware/templates/rescues/missing_template.html.erb within rescues/layout
  Rendering /Users/mphee/.rbenv/versions/2.3.1/lib/ruby/gems/2.3.0/gems/actionpack-5.0.4/lib/action_dispatch/middleware/templates/rescues/_source.html.erb
  Rendered /Users/mphee/.rbenv/versions/2.3.1/lib/ruby/gems/2.3.0/gems/actionpack-5.0.4/lib/action_dispatch/middleware/templates/rescues/_source.html.erb (5.2ms)
  Rendering /Users/mphee/.rbenv/versions/2.3.1/lib/ruby/gems/2.3.0/gems/actionpack-5.0.4/lib/action_dispatch/middleware/templates/rescues/_trace.html.erb
  Rendered /Users/mphee/.rbenv/versions/2.3.1/lib/ruby/gems/2.3.0/gems/actionpack-5.0.4/lib/action_dispatch/middleware/templates/rescues/_trace.html.erb (2.1ms)
  Rendering /Users/mphee/.rbenv/versions/2.3.1/lib/ruby/gems/2.3.0/gems/actionpack-5.0.4/lib/action_dispatch/middleware/templates/rescues/_request_and_response.html.erb
  Rendered /Users/mphee/.rbenv/versions/2.3.1/lib/ruby/gems/2.3.0/gems/actionpack-5.0.4/lib/action_dispatch/middleware/templates/rescues/_request_and_response.html.erb (0.9ms)
  Rendered /Users/mphee/.rbenv/versions/2.3.1/lib/ruby/gems/2.3.0/gems/actionpack-5.0.4/lib/action_dispatch/middleware/templates/rescues/missing_template.html.erb within rescues/layout (111.6ms)
Started GET "/" for 127.0.0.1 at 2017-07-17 14:08:12 +0100
Processing by LandingController#index as HTML
Completed 500 Internal Server Error in 4ms (ActiveRecord: 0.0ms)


  
ActionView::MissingTemplate (Missing template landing/index, application/index with {:locale=>[:en], :formats=>[:html], :variants=>[], :handlers=>[:raw, :erb, :html, :builder, :ruby, :coffee, :jbuilder]}. Searched in:
  * "/Users/mphee/develop/pattygamerzx/app/views"
):
  
app/controllers/landing_controller.rb:4:in `index'
  Rendering /Users/mphee/.rbenv/versions/2.3.1/lib/ruby/gems/2.3.0/gems/actionpack-5.0.4/lib/action_dispatch/middleware/templates/rescues/missing_template.html.erb within rescues/layout
  Rendering /Users/mphee/.rbenv/versions/2.3.1/lib/ruby/gems/2.3.0/gems/actionpack-5.0.4/lib/action_dispatch/middleware/templates/rescues/_source.html.erb
  Rendered /Users/mphee/.rbenv/versions/2.3.1/lib/ruby/gems/2.3.0/gems/actionpack-5.0.4/lib/action_dispatch/middleware/templates/rescues/_source.html.erb (8.4ms)
  Rendering /Users/mphee/.rbenv/versions/2.3.1/lib/ruby/gems/2.3.0/gems/actionpack-5.0.4/lib/action_dispatch/middleware/templates/rescues/_trace.html.erb
  Rendered /Users/mphee/.rbenv/versions/2.3.1/lib/ruby/gems/2.3.0/gems/actionpack-5.0.4/lib/action_dispatch/middleware/templates/rescues/_trace.html.erb (3.0ms)
  Rendering /Users/mphee/.rbenv/versions/2.3.1/lib/ruby/gems/2.3.0/gems/actionpack-5.0.4/lib/action_dispatch/middleware/templates/rescues/_request_and_response.html.erb
  Rendered /Users/mphee/.rbenv/versions/2.3.1/lib/ruby/gems/2.3.0/gems/actionpack-5.0.4/lib/action_dispatch/middleware/templates/rescues/_request_and_response.html.erb (1.8ms)
  Rendered /Users/mphee/.rbenv/versions/2.3.1/lib/ruby/gems/2.3.0/gems/actionpack-5.0.4/lib/action_dispatch/middleware/templates/rescues/missing_template.html.erb within rescues/layout (119.1ms)
Started GET "/" for 127.0.0.1 at 2017-07-17 14:08:39 +0100
Processing by LandingController#index as HTML
Completed 500 Internal Server Error in 4ms (ActiveRecord: 0.0ms)


  
ActionView::MissingTemplate (Missing template landing/index, application/index with {:locale=>[:en], :formats=>[:html], :variants=>[], :handlers=>[:raw, :erb, :html, :builder, :ruby, :coffee, :jbuilder]}. Searched in:
  * "/Users/mphee/develop/pattygamerzx/app/views"
):
  
app/controllers/landing_controller.rb:4:in `index'
  Rendering /Users/mphee/.rbenv/versions/2.3.1/lib/ruby/gems/2.3.0/gems/actionpack-5.0.4/lib/action_dispatch/middleware/templates/rescues/missing_template.html.erb within rescues/layout
  Rendering /Users/mphee/.rbenv/versions/2.3.1/lib/ruby/gems/2.3.0/gems/actionpack-5.0.4/lib/action_dispatch/middleware/templates/rescues/_source.html.erb
  Rendered /Users/mphee/.rbenv/versions/2.3.1/lib/ruby/gems/2.3.0/gems/actionpack-5.0.4/lib/action_dispatch/middleware/templates/rescues/_source.html.erb (4.8ms)
  Rendering /Users/mphee/.rbenv/versions/2.3.1/lib/ruby/gems/2.3.0/gems/actionpack-5.0.4/lib/action_dispatch/middleware/templates/rescues/_trace.html.erb
  Rendered /Users/mphee/.rbenv/versions/2.3.1/lib/ruby/gems/2.3.0/gems/actionpack-5.0.4/lib/action_dispatch/middleware/templates/rescues/_trace.html.erb (4.3ms)
  Rendering /Users/mphee/.rbenv/versions/2.3.1/lib/ruby/gems/2.3.0/gems/actionpack-5.0.4/lib/action_dispatch/middleware/templates/rescues/_request_and_response.html.erb
  Rendered /Users/mphee/.rbenv/versions/2.3.1/lib/ruby/gems/2.3.0/gems/actionpack-5.0.4/lib/action_dispatch/middleware/templates/rescues/_request_and_response.html.erb (1.8ms)
  Rendered /Users/mphee/.rbenv/versions/2.3.1/lib/ruby/gems/2.3.0/gems/actionpack-5.0.4/lib/action_dispatch/middleware/templates/rescues/missing_template.html.erb within rescues/layout (114.3ms)
Started GET "/" for 127.0.0.1 at 2017-07-17 14:08:42 +0100
Processing by LandingController#index as HTML
Completed 500 Internal Server Error in 4ms (ActiveRecord: 0.0ms)


  
ActionView::MissingTemplate (Missing template landing/index, application/index with {:locale=>[:en], :formats=>[:html], :variants=>[], :handlers=>[:raw, :erb, :html, :builder, :ruby, :coffee, :jbuilder]}. Searched in:
  * "/Users/mphee/develop/pattygamerzx/app/views"
):
  
app/controllers/landing_controller.rb:4:in `index'
  Rendering /Users/mphee/.rbenv/versions/2.3.1/lib/ruby/gems/2.3.0/gems/actionpack-5.0.4/lib/action_dispatch/middleware/templates/rescues/missing_template.html.erb within rescues/layout
  Rendering /Users/mphee/.rbenv/versions/2.3.1/lib/ruby/gems/2.3.0/gems/actionpack-5.0.4/lib/action_dispatch/middleware/templates/rescues/_source.html.erb
  Rendered /Users/mphee/.rbenv/versions/2.3.1/lib/ruby/gems/2.3.0/gems/actionpack-5.0.4/lib/action_dispatch/middleware/templates/rescues/_source.html.erb (4.6ms)
  Rendering /Users/mphee/.rbenv/versions/2.3.1/lib/ruby/gems/2.3.0/gems/actionpack-5.0.4/lib/action_dispatch/middleware/templates/rescues/_trace.html.erb
  Rendered /Users/mphee/.rbenv/versions/2.3.1/lib/ruby/gems/2.3.0/gems/actionpack-5.0.4/lib/action_dispatch/middleware/templates/rescues/_trace.html.erb (3.3ms)
  Rendering /Users/mphee/.rbenv/versions/2.3.1/lib/ruby/gems/2.3.0/gems/actionpack-5.0.4/lib/action_dispatch/middleware/templates/rescues/_request_and_response.html.erb
  Rendered /Users/mphee/.rbenv/versions/2.3.1/lib/ruby/gems/2.3.0/gems/actionpack-5.0.4/lib/action_dispatch/middleware/templates/rescues/_request_and_response.html.erb (1.0ms)
  Rendered /Users/mphee/.rbenv/versions/2.3.1/lib/ruby/gems/2.3.0/gems/actionpack-5.0.4/lib/action_dispatch/middleware/templates/rescues/missing_template.html.erb within rescues/layout (107.2ms)
Started GET "/" for 127.0.0.1 at 2017-07-17 14:08:55 +0100
Processing by LandingController#index as HTML
  Rendering landing/index.erb within layouts/application
  Rendered landing/index.erb within layouts/application (0.7ms)
Completed 200 OK in 1331ms (Views: 1330.6ms | ActiveRecord: 0.0ms)


